#
# A fatal error has been detected by the Java Runtime Environment:
#
#  Internal Error (javaClasses.cpp:129), pid=7596, tid=8012
#  fatal error: Invalid layout of preloaded class
#
# JRE version: 7.0_25-b17
# Java VM: Java HotSpot(TM) 64-Bit Server VM (23.25-b01 mixed mode windows-amd64 compressed oops)
# Failed to write core dump. Minidumps are not enabled by default on client versions of Windows
#
# If you would like to submit a bug report, please visit:
#   http://bugreport.sun.com/bugreport/crash.jsp
#

---------------  T H R E A D  ---------------

Current thread (0x000000000221c800):  JavaThread "Unknown thread" [_thread_in_vm, id=8012, stack(0x00000000024f0000,0x00000000025f0000)]

Stack: [0x00000000024f0000,0x00000000025f0000]

---------------  P R O C E S S  ---------------

Java Threads: ( => current thread )

Other Threads:

=>0x000000000221c800 (exited) JavaThread "Unknown thread" [_thread_in_vm, id=8012, stack(0x00000000024f0000,0x00000000025f0000)]

VM state:not at safepoint (not fully initialized)

VM Mutex/Monitor currently owned by a thread: None

GC Heap History (0 events):
No events

Deoptimization events (0 events):
No events

Internal exceptions (0 events):
No events

Events (10 events):
Event: 0.013 loading class 0x000000000229fc00 done
Event: 0.014 loading class 0x00000000022621d0 done
Event: 0.014 loading class 0x00000000022621a0
Event: 0.014 loading class 0x00000000022ad720
Event: 0.014 loading class 0x00000000022ad720 done
Event: 0.014 loading class 0x00000000022ad760
Event: 0.014 loading class 0x00000000022ad760 done
Event: 0.014 loading class 0x00000000022f21f0
Event: 0.014 loading class 0x00000000022f21f0 done
Event: 0.014 loading class 0x00000000022621a0 done


Dynamic libraries:
0x000000013f9e0000 - 0x000000013fa13000 	C:\Program Files\Java\jre7\bin\javaw.exe
0x0000000077290000 - 0x0000000077439000 	C:\Windows\SYSTEM32\ntdll.dll
0x0000000077070000 - 0x000000007718f000 	C:\Windows\system32\kernel32.dll
0x000007fefcd90000 - 0x000007fefcdfb000 	C:\Windows\system32\KERNELBASE.dll
0x000007fefdd40000 - 0x000007fefde1b000 	C:\Windows\system32\ADVAPI32.dll
0x000007fefe120000 - 0x000007fefe1bf000 	C:\Windows\system32\msvcrt.dll
0x000007fefe460000 - 0x000007fefe47f000 	C:\Windows\SYSTEM32\sechost.dll
0x000007fefe7b0000 - 0x000007fefe8dd000 	C:\Windows\system32\RPCRT4.dll
0x0000000077190000 - 0x000000007728a000 	C:\Windows\system32\USER32.dll
0x000007fefe4e0000 - 0x000007fefe547000 	C:\Windows\system32\GDI32.dll
0x000007fefdea0000 - 0x000007fefdeae000 	C:\Windows\system32\LPK.dll
0x000007fefe1c0000 - 0x000007fefe289000 	C:\Windows\system32\USP10.dll
0x000007fefa610000 - 0x000007fefa804000 	C:\Windows\WinSxS\amd64_microsoft.windows.common-controls_6595b64144ccf1df_6.0.7601.17514_none_fa396087175ac9ac\COMCTL32.dll
0x000007fefe730000 - 0x000007fefe7a1000 	C:\Windows\system32\SHLWAPI.dll
0x000007fefe430000 - 0x000007fefe45e000 	C:\Windows\system32\IMM32.DLL
0x000007fefcea0000 - 0x000007fefcfa9000 	C:\Windows\system32\MSCTF.dll
0x0000000064410000 - 0x00000000644e1000 	C:\Program Files\Java\jre7\bin\msvcr100.dll
0x0000000055d60000 - 0x000000005646f000 	C:\Program Files\Java\jre7\bin\server\jvm.dll
0x000007fef3100000 - 0x000007fef3109000 	C:\Windows\system32\WSOCK32.dll
0x000007fefe480000 - 0x000007fefe4cd000 	C:\Windows\system32\WS2_32.dll
0x000007fefe4d0000 - 0x000007fefe4d8000 	C:\Windows\system32\NSI.dll
0x000007fef81a0000 - 0x000007fef81db000 	C:\Windows\system32\WINMM.dll
0x0000000077450000 - 0x0000000077457000 	C:\Windows\system32\PSAPI.DLL
0x000000006b510000 - 0x000000006b51f000 	C:\Program Files\Java\jre7\bin\verify.dll
0x000000006b180000 - 0x000000006b1a8000 	C:\Program Files\Java\jre7\bin\java.dll
0x000000006b160000 - 0x000000006b175000 	C:\Program Files\Java\jre7\bin\zip.dll

VM Arguments:
jvm_args: -Dfile.encoding=Cp1252 -Xbootclasspath:F:\adt-bundle-windows-x86_64-20130522\sdk\platforms\android-17\android.jar 
java_command: FroshWeek
Launcher Type: SUN_STANDARD

Environment Variables:
CLASSPATH=.;C:\Program Files (x86)\Java\jre7\lib\ext\QTJava.zip
PATH=C:\Program Files\Common Files\Microsoft Shared\Windows Live;C:\Program Files (x86)\Common Files\Microsoft Shared\Windows Live;C:\Windows\system32;C:\Windows;C:\Windows\System32\Wbem;C:\Windows\System32\WindowsPowerShell\v1.0\;C:\Program Files (x86)\Common Files\Lenovo;C:\Program Files (x86)\Common Files\Ulead Systems\MPEG;C:\Program Files\Common Files\Lenovo;C:\Program Files (x86)\Windows Live\Shared;C:\SWTOOLS\ReadyApps;C:\Program Files (x86)\Intel\Services\IPT\;C:\Program Files (x86)\Symantec\VIP Access Client\;C:\Program Files (x86)\QuickTime\QTSystem\
USERNAME=Lim Family
OS=Windows_NT
PROCESSOR_IDENTIFIER=Intel64 Family 6 Model 42 Stepping 7, GenuineIntel



---------------  S Y S T E M  ---------------

OS: Windows 7 , 64 bit Build 7601 Service Pack 1

CPU:total 4 (2 cores per cpu, 2 threads per core) family 6 model 42 stepping 7, cmov, cx8, fxsr, mmx, sse, sse2, sse3, ssse3, sse4.1, sse4.2, popcnt, avx, ht, tsc, tscinvbit

Memory: 4k page, physical 6200560k(2873152k free), swap 12399260k(8306368k free)

vm_info: Java HotSpot(TM) 64-Bit Server VM (23.25-b01) for windows-amd64 JRE (1.7.0_25-b17), built on Jun 21 2013 12:58:32 by "java_re" with unknown MS VC++:1600

time: Fri Jul 19 09:52:59 2013
elapsed time: 0 seconds

